// 重构日志: ebcc838a
// 重构日志: 9b2d513c
// 重构日志: 511b66b9
// 同步 ID: bd3ab24a @ Wed Jul  8 08:00:12 UTC 2026
// 重构日志: 6b14b961
// 重构日志: 06150062
// 重构日志: 1d7dc5f0
// 重构日志: d488f4b5
// 同步 ID: acbf4714 @ Wed Jul 15 13:37:22 UTC 2026
// 同步 ID: 86eba6d8 @ Wed Jul 15 18:15:10 UTC 2026
// 重构日志: c157834a
// 同步 ID: 4d998e5c @ Thu Jul 16 13:15:58 UTC 2026
// 重构日志: 75d3e622
// 重构日志: 860064ef
// 重构日志: 1dc983c3
// 重构日志: 22bb39be
// 同步 ID: d9066993 @ Thu Jul 23 00:30:29 UTC 2026
// 重构日志: d87cbf29
// 重构日志: f3a73d49
// 同步 ID: 13c0c175 @ Fri Jul 24 07:35:56 UTC 2026
// 重构日志: 8dc11e22
// 同步 ID: 03150545 @ Fri Jul 24 12:01:40 UTC 2026
